[29-Oct-2013 10:55:03] PHP Notice:  A session had already been started - ignoring session_start() in /hsphere/local/home/vixen/duidesign.com/j/includes/config.php on line 74
[29-Oct-2013 10:55:03] CSRF state token does not match one provided.
[29-Oct-2013 10:55:03] PHP Notice:  Undefined variable: facebook in /hsphere/local/home/vixen/duidesign.com/j/includes/classes/Login.php on line 70
[29-Oct-2013 10:55:03] PHP Fatal error:  Call to a member function api() on a non-object in /hsphere/local/home/vixen/duidesign.com/j/includes/classes/Login.php on line 70
[29-Oct-2013 10:55:37] PHP Notice:  A session had already been started - ignoring session_start() in /hsphere/local/home/vixen/duidesign.com/j/includes/config.php on line 74
[29-Oct-2013 10:55:37] CSRF state token does not match one provided.
[29-Oct-2013 10:56:23] PHP Notice:  A session had already been started - ignoring session_start() in /hsphere/local/home/vixen/duidesign.com/j/includes/config.php on line 74
[29-Oct-2013 10:56:23] CSRF state token does not match one provided.
[29-Oct-2013 10:56:24] CSRF state token does not match one provided.
[29-Oct-2013 10:56:33] PHP Notice:  A session had already been started - ignoring session_start() in /hsphere/local/home/vixen/duidesign.com/j/includes/config.php on line 74
[29-Oct-2013 10:56:34] PHP Warning:  mysql_close(): 9 is not a valid MySQL-Link resource in /hsphere/local/home/vixen/duidesign.com/j/includes/classes/Db.php on line 71
[29-Oct-2013 11:04:29] PHP Notice:  A session had already been started - ignoring session_start() in /hsphere/local/home/vixen/duidesign.com/j/includes/config.php on line 74
[29-Oct-2013 11:04:47] PHP Notice:  A session had already been started - ignoring session_start() in /hsphere/local/home/vixen/duidesign.com/j/includes/config.php on line 74
[29-Oct-2013 11:06:16] PHP Notice:  A session had already been started - ignoring session_start() in /hsphere/local/home/vixen/duidesign.com/j/includes/config.php on line 74
[29-Oct-2013 11:06:28] PHP Notice:  A session had already been started - ignoring session_start() in /hsphere/local/home/vixen/duidesign.com/j/includes/config.php on line 74
[29-Oct-2013 11:06:30] CSRF state token does not match one provided.
[29-Oct-2013 14:10:13] PHP Notice:  A session had already been started - ignoring session_start() in /hsphere/local/home/vixen/duidesign.com/j/includes/config.php on line 74
[29-Oct-2013 14:12:00] PHP Notice:  A session had already been started - ignoring session_start() in /hsphere/local/home/vixen/duidesign.com/j/includes/config.php on line 74
[29-Oct-2013 14:12:00] CSRF state token does not match one provided.
[29-Oct-2013 14:12:01] CSRF state token does not match one provided.
