[02-Nov-2013 14:05:45] PHP Notice:  A session had already been started - ignoring session_start() in /hsphere/local/home/vixen/duidesign.com/working/j/includes/config.php on line 74
[02-Nov-2013 14:07:07] PHP Notice:  A session had already been started - ignoring session_start() in /hsphere/local/home/vixen/duidesign.com/working/j/includes/config.php on line 74
[02-Nov-2013 14:07:49] PHP Notice:  A session had already been started - ignoring session_start() in /hsphere/local/home/vixen/duidesign.com/working/j/includes/config.php on line 74
[02-Nov-2013 14:08:07] PHP Notice:  A session had already been started - ignoring session_start() in /hsphere/local/home/vixen/duidesign.com/working/j/includes/config.php on line 74
[02-Nov-2013 14:18:57] PHP Notice:  A session had already been started - ignoring session_start() in /hsphere/local/home/vixen/duidesign.com/working/j/includes/config.php on line 74
[02-Nov-2013 14:45:08] PHP Notice:  A session had already been started - ignoring session_start() in /hsphere/local/home/vixen/duidesign.com/working/j/includes/config.php on line 74
[02-Nov-2013 14:45:57] PHP Notice:  A session had already been started - ignoring session_start() in /hsphere/local/home/vixen/duidesign.com/working/j/includes/config.php on line 74
[02-Nov-2013 14:45:57] PHP Warning:  array_walk_recursive(): The argument should be an array in /hsphere/local/home/vixen/duidesign.com/working/samplepage.php on line 28
[02-Nov-2013 14:46:09] PHP Notice:  A session had already been started - ignoring session_start() in /hsphere/local/home/vixen/duidesign.com/working/j/includes/config.php on line 74
[02-Nov-2013 14:46:10] PHP Warning:  array_walk_recursive(): The argument should be an array in /hsphere/local/home/vixen/duidesign.com/working/samplepage.php on line 28
[02-Nov-2013 14:46:48] PHP Notice:  A session had already been started - ignoring session_start() in /hsphere/local/home/vixen/duidesign.com/working/j/includes/config.php on line 74
[02-Nov-2013 14:46:49] PHP Warning:  array_walk_recursive(): The argument should be an array in /hsphere/local/home/vixen/duidesign.com/working/samplepage.php on line 30
[02-Nov-2013 14:47:22] PHP Notice:  A session had already been started - ignoring session_start() in /hsphere/local/home/vixen/duidesign.com/working/j/includes/config.php on line 74
[02-Nov-2013 14:47:47] PHP Notice:  A session had already been started - ignoring session_start() in /hsphere/local/home/vixen/duidesign.com/working/j/includes/config.php on line 74
[02-Nov-2013 14:48:20] PHP Notice:  A session had already been started - ignoring session_start() in /hsphere/local/home/vixen/duidesign.com/working/j/includes/config.php on line 74
[02-Nov-2013 14:49:34] PHP Notice:  A session had already been started - ignoring session_start() in /hsphere/local/home/vixen/duidesign.com/working/j/includes/config.php on line 74
[02-Nov-2013 15:03:08] PHP Notice:  A session had already been started - ignoring session_start() in /hsphere/local/home/vixen/duidesign.com/working/j/includes/config.php on line 74
[02-Nov-2013 15:06:06] PHP Notice:  A session had already been started - ignoring session_start() in /hsphere/local/home/vixen/duidesign.com/working/j/includes/config.php on line 74
[02-Nov-2013 15:30:45] PHP Notice:  A session had already been started - ignoring session_start() in /hsphere/local/home/vixen/duidesign.com/working/j/includes/config.php on line 74
[02-Nov-2013 15:31:56] PHP Notice:  A session had already been started - ignoring session_start() in /hsphere/local/home/vixen/duidesign.com/working/j/includes/config.php on line 74
[02-Nov-2013 15:33:33] PHP Notice:  A session had already been started - ignoring session_start() in /hsphere/local/home/vixen/duidesign.com/working/j/includes/config.php on line 74
[02-Nov-2013 15:34:05] PHP Notice:  A session had already been started - ignoring session_start() in /hsphere/local/home/vixen/duidesign.com/working/j/includes/config.php on line 74
[02-Nov-2013 15:37:51] PHP Notice:  A session had already been started - ignoring session_start() in /hsphere/local/home/vixen/duidesign.com/working/j/includes/config.php on line 74
[02-Nov-2013 15:37:52] PHP Notice:  Undefined variable: temp in /hsphere/local/home/vixen/duidesign.com/working/samplepage.php on line 39
[02-Nov-2013 15:37:52] PHP Notice:  Undefined variable: temp in /hsphere/local/home/vixen/duidesign.com/working/samplepage.php on line 39
[02-Nov-2013 15:37:52] PHP Notice:  Undefined variable: temp in /hsphere/local/home/vixen/duidesign.com/working/samplepage.php on line 39
[02-Nov-2013 15:37:52] PHP Notice:  Undefined variable: temp in /hsphere/local/home/vixen/duidesign.com/working/samplepage.php on line 39
[02-Nov-2013 15:37:52] PHP Notice:  Undefined variable: temp in /hsphere/local/home/vixen/duidesign.com/working/samplepage.php on line 39
[02-Nov-2013 15:37:52] PHP Notice:  Undefined variable: temp in /hsphere/local/home/vixen/duidesign.com/working/samplepage.php on line 39
[02-Nov-2013 15:37:52] PHP Notice:  Undefined variable: temp in /hsphere/local/home/vixen/duidesign.com/working/samplepage.php on line 39
[02-Nov-2013 15:37:52] PHP Notice:  Undefined variable: temp in /hsphere/local/home/vixen/duidesign.com/working/samplepage.php on line 39
[02-Nov-2013 15:37:52] PHP Notice:  Undefined variable: temp in /hsphere/local/home/vixen/duidesign.com/working/samplepage.php on line 39
[02-Nov-2013 15:37:52] PHP Notice:  Undefined variable: temp in /hsphere/local/home/vixen/duidesign.com/working/samplepage.php on line 39
[02-Nov-2013 15:37:52] PHP Notice:  Undefined variable: temp in /hsphere/local/home/vixen/duidesign.com/working/samplepage.php on line 39
[02-Nov-2013 15:37:52] PHP Notice:  Undefined variable: temp in /hsphere/local/home/vixen/duidesign.com/working/samplepage.php on line 39
[02-Nov-2013 15:37:52] PHP Notice:  Undefined variable: temp in /hsphere/local/home/vixen/duidesign.com/working/samplepage.php on line 39
[02-Nov-2013 15:37:52] PHP Notice:  Undefined variable: temp in /hsphere/local/home/vixen/duidesign.com/working/samplepage.php on line 39
[02-Nov-2013 15:37:52] PHP Notice:  Undefined variable: temp in /hsphere/local/home/vixen/duidesign.com/working/samplepage.php on line 39
[02-Nov-2013 15:37:52] PHP Notice:  Undefined variable: temp in /hsphere/local/home/vixen/duidesign.com/working/samplepage.php on line 39
[02-Nov-2013 15:37:52] PHP Notice:  Undefined variable: temp in /hsphere/local/home/vixen/duidesign.com/working/samplepage.php on line 39
[02-Nov-2013 15:39:03] PHP Notice:  A session had already been started - ignoring session_start() in /hsphere/local/home/vixen/duidesign.com/working/j/includes/config.php on line 74
[02-Nov-2013 15:39:04] PHP Notice:  Undefined variable: temp in /hsphere/local/home/vixen/duidesign.com/working/samplepage.php on line 39
[02-Nov-2013 15:39:04] PHP Notice:  Undefined variable: temp in /hsphere/local/home/vixen/duidesign.com/working/samplepage.php on line 39
[02-Nov-2013 15:39:04] PHP Notice:  Undefined variable: temp in /hsphere/local/home/vixen/duidesign.com/working/samplepage.php on line 39
[02-Nov-2013 15:39:04] PHP Notice:  Undefined variable: temp in /hsphere/local/home/vixen/duidesign.com/working/samplepage.php on line 39
[02-Nov-2013 15:39:04] PHP Notice:  Undefined variable: temp in /hsphere/local/home/vixen/duidesign.com/working/samplepage.php on line 39
[02-Nov-2013 15:39:04] PHP Notice:  Undefined variable: temp in /hsphere/local/home/vixen/duidesign.com/working/samplepage.php on line 39
[02-Nov-2013 15:39:04] PHP Notice:  Undefined variable: temp in /hsphere/local/home/vixen/duidesign.com/working/samplepage.php on line 39
[02-Nov-2013 15:39:04] PHP Notice:  Undefined variable: temp in /hsphere/local/home/vixen/duidesign.com/working/samplepage.php on line 39
[02-Nov-2013 15:39:04] PHP Notice:  Undefined variable: temp in /hsphere/local/home/vixen/duidesign.com/working/samplepage.php on line 39
[02-Nov-2013 15:39:04] PHP Notice:  Undefined variable: temp in /hsphere/local/home/vixen/duidesign.com/working/samplepage.php on line 39
[02-Nov-2013 15:39:04] PHP Notice:  Undefined variable: temp in /hsphere/local/home/vixen/duidesign.com/working/samplepage.php on line 39
[02-Nov-2013 15:39:04] PHP Notice:  Undefined variable: temp in /hsphere/local/home/vixen/duidesign.com/working/samplepage.php on line 39
[02-Nov-2013 15:39:04] PHP Notice:  Undefined variable: temp in /hsphere/local/home/vixen/duidesign.com/working/samplepage.php on line 39
[02-Nov-2013 15:39:04] PHP Notice:  Undefined variable: temp in /hsphere/local/home/vixen/duidesign.com/working/samplepage.php on line 39
[02-Nov-2013 15:39:04] PHP Notice:  Undefined variable: temp in /hsphere/local/home/vixen/duidesign.com/working/samplepage.php on line 39
[02-Nov-2013 15:39:04] PHP Notice:  Undefined variable: temp in /hsphere/local/home/vixen/duidesign.com/working/samplepage.php on line 39
[02-Nov-2013 15:39:04] PHP Notice:  Undefined variable: temp in /hsphere/local/home/vixen/duidesign.com/working/samplepage.php on line 39
[02-Nov-2013 15:39:14] PHP Notice:  A session had already been started - ignoring session_start() in /hsphere/local/home/vixen/duidesign.com/working/j/includes/config.php on line 74
[02-Nov-2013 15:39:15] PHP Notice:  Undefined variable: temp in /hsphere/local/home/vixen/duidesign.com/working/samplepage.php on line 39
[02-Nov-2013 15:39:15] PHP Notice:  Undefined variable: temp in /hsphere/local/home/vixen/duidesign.com/working/samplepage.php on line 39
[02-Nov-2013 15:39:15] PHP Notice:  Undefined variable: temp in /hsphere/local/home/vixen/duidesign.com/working/samplepage.php on line 39
[02-Nov-2013 15:39:15] PHP Notice:  Undefined variable: temp in /hsphere/local/home/vixen/duidesign.com/working/samplepage.php on line 39
[02-Nov-2013 15:39:15] PHP Notice:  Undefined variable: temp in /hsphere/local/home/vixen/duidesign.com/working/samplepage.php on line 39
[02-Nov-2013 15:39:15] PHP Notice:  Undefined variable: temp in /hsphere/local/home/vixen/duidesign.com/working/samplepage.php on line 39
[02-Nov-2013 15:39:15] PHP Notice:  Undefined variable: temp in /hsphere/local/home/vixen/duidesign.com/working/samplepage.php on line 39
[02-Nov-2013 15:39:15] PHP Notice:  Undefined variable: temp in /hsphere/local/home/vixen/duidesign.com/working/samplepage.php on line 39
[02-Nov-2013 15:39:15] PHP Notice:  Undefined variable: temp in /hsphere/local/home/vixen/duidesign.com/working/samplepage.php on line 39
[02-Nov-2013 15:39:15] PHP Notice:  Undefined variable: temp in /hsphere/local/home/vixen/duidesign.com/working/samplepage.php on line 39
[02-Nov-2013 15:39:15] PHP Notice:  Undefined variable: temp in /hsphere/local/home/vixen/duidesign.com/working/samplepage.php on line 39
[02-Nov-2013 15:39:15] PHP Notice:  Undefined variable: temp in /hsphere/local/home/vixen/duidesign.com/working/samplepage.php on line 39
[02-Nov-2013 15:39:15] PHP Notice:  Undefined variable: temp in /hsphere/local/home/vixen/duidesign.com/working/samplepage.php on line 39
[02-Nov-2013 15:39:15] PHP Notice:  Undefined variable: temp in /hsphere/local/home/vixen/duidesign.com/working/samplepage.php on line 39
[02-Nov-2013 15:39:15] PHP Notice:  Undefined variable: temp in /hsphere/local/home/vixen/duidesign.com/working/samplepage.php on line 39
[02-Nov-2013 15:39:15] PHP Notice:  Undefined variable: temp in /hsphere/local/home/vixen/duidesign.com/working/samplepage.php on line 39
[02-Nov-2013 15:39:15] PHP Notice:  Undefined variable: temp in /hsphere/local/home/vixen/duidesign.com/working/samplepage.php on line 39
[02-Nov-2013 15:40:19] PHP Notice:  A session had already been started - ignoring session_start() in /hsphere/local/home/vixen/duidesign.com/working/j/includes/config.php on line 74
[02-Nov-2013 15:58:43] PHP Notice:  A session had already been started - ignoring session_start() in /hsphere/local/home/vixen/duidesign.com/working/j/includes/config.php on line 74
[02-Nov-2013 16:00:30] PHP Notice:  A session had already been started - ignoring session_start() in /hsphere/local/home/vixen/duidesign.com/working/j/includes/config.php on line 74
[02-Nov-2013 16:00:43] PHP Notice:  A session had already been started - ignoring session_start() in /hsphere/local/home/vixen/duidesign.com/working/j/includes/config.php on line 74
[02-Nov-2013 16:02:17] PHP Notice:  A session had already been started - ignoring session_start() in /hsphere/local/home/vixen/duidesign.com/working/j/includes/config.php on line 74
[02-Nov-2013 16:03:22] PHP Notice:  A session had already been started - ignoring session_start() in /hsphere/local/home/vixen/duidesign.com/working/j/includes/config.php on line 74
[02-Nov-2013 16:07:06] PHP Notice:  A session had already been started - ignoring session_start() in /hsphere/local/home/vixen/duidesign.com/working/j/includes/config.php on line 74
[02-Nov-2013 16:08:00] PHP Notice:  A session had already been started - ignoring session_start() in /hsphere/local/home/vixen/duidesign.com/working/j/includes/config.php on line 74
[02-Nov-2013 16:08:39] PHP Notice:  A session had already been started - ignoring session_start() in /hsphere/local/home/vixen/duidesign.com/working/j/includes/config.php on line 74
[02-Nov-2013 16:11:43] PHP Notice:  A session had already been started - ignoring session_start() in /hsphere/local/home/vixen/duidesign.com/working/j/includes/config.php on line 74
[02-Nov-2013 16:12:38] PHP Notice:  A session had already been started - ignoring session_start() in /hsphere/local/home/vixen/duidesign.com/working/j/includes/config.php on line 74
[02-Nov-2013 16:18:48] PHP Notice:  A session had already been started - ignoring session_start() in /hsphere/local/home/vixen/duidesign.com/working/j/includes/config.php on line 75
[02-Nov-2013 16:18:49] PHP Notice:  Undefined variable: user_profile in /hsphere/local/home/vixen/duidesign.com/working/samplepage.php on line 21
[02-Nov-2013 16:18:49] PHP Warning:  array_values(): The argument should be an array in /hsphere/local/home/vixen/duidesign.com/working/samplepage.php on line 21
[02-Nov-2013 16:18:49] PHP Warning:  array_walk_recursive(): The argument should be an array in /hsphere/local/home/vixen/duidesign.com/working/samplepage.php on line 44
[02-Nov-2013 16:19:39] PHP Notice:  A session had already been started - ignoring session_start() in /hsphere/local/home/vixen/duidesign.com/working/j/includes/config.php on line 75
[02-Nov-2013 16:19:39] PHP Notice:  Undefined variable: user_profile in /hsphere/local/home/vixen/duidesign.com/working/samplepage.php on line 21
[02-Nov-2013 16:19:39] PHP Warning:  array_values(): The argument should be an array in /hsphere/local/home/vixen/duidesign.com/working/samplepage.php on line 21
[02-Nov-2013 16:19:39] PHP Warning:  array_walk_recursive(): The argument should be an array in /hsphere/local/home/vixen/duidesign.com/working/samplepage.php on line 44
[02-Nov-2013 16:20:27] PHP Notice:  A session had already been started - ignoring session_start() in /hsphere/local/home/vixen/duidesign.com/working/j/includes/config.php on line 75
[02-Nov-2013 16:20:28] PHP Notice:  Undefined variable: user_profile in /hsphere/local/home/vixen/duidesign.com/working/samplepage.php on line 21
[02-Nov-2013 16:20:28] PHP Warning:  array_values(): The argument should be an array in /hsphere/local/home/vixen/duidesign.com/working/samplepage.php on line 21
[02-Nov-2013 16:20:28] PHP Warning:  array_walk_recursive(): The argument should be an array in /hsphere/local/home/vixen/duidesign.com/working/samplepage.php on line 44
[02-Nov-2013 16:20:55] PHP Notice:  A session had already been started - ignoring session_start() in /hsphere/local/home/vixen/duidesign.com/working/j/includes/config.php on line 75
[02-Nov-2013 16:20:55] PHP Notice:  Undefined variable: user_profile in /hsphere/local/home/vixen/duidesign.com/working/samplepage.php on line 21
[02-Nov-2013 16:20:55] PHP Warning:  array_values(): The argument should be an array in /hsphere/local/home/vixen/duidesign.com/working/samplepage.php on line 21
[02-Nov-2013 16:20:55] PHP Warning:  array_walk_recursive(): The argument should be an array in /hsphere/local/home/vixen/duidesign.com/working/samplepage.php on line 44
[02-Nov-2013 16:26:38] PHP Notice:  A session had already been started - ignoring session_start() in /hsphere/local/home/vixen/duidesign.com/working/j/includes/config.php on line 75
[04-Nov-2013 11:25:18] PHP Notice:  A session had already been started - ignoring session_start() in /hsphere/local/home/vixen/duidesign.com/working/j/includes/config.php on line 75
[04-Nov-2013 11:25:18] PHP Notice:  Undefined variable: user_profile in /hsphere/local/home/vixen/duidesign.com/working/samplepage.php on line 21
[04-Nov-2013 11:25:18] PHP Warning:  array_values(): The argument should be an array in /hsphere/local/home/vixen/duidesign.com/working/samplepage.php on line 21
[04-Nov-2013 11:25:18] PHP Warning:  array_walk_recursive(): The argument should be an array in /hsphere/local/home/vixen/duidesign.com/working/samplepage.php on line 44
[04-Nov-2013 11:25:41] PHP Notice:  A session had already been started - ignoring session_start() in /hsphere/local/home/vixen/duidesign.com/working/j/includes/config.php on line 75
[04-Nov-2013 11:43:21] PHP Notice:  A session had already been started - ignoring session_start() in /hsphere/local/home/vixen/duidesign.com/working/j/includes/config.php on line 75
[04-Nov-2013 11:44:32] PHP Notice:  A session had already been started - ignoring session_start() in /hsphere/local/home/vixen/duidesign.com/working/j/includes/config.php on line 75
[04-Nov-2013 11:46:13] PHP Notice:  A session had already been started - ignoring session_start() in /hsphere/local/home/vixen/duidesign.com/working/j/includes/config.php on line 75
[04-Nov-2013 12:03:13] PHP Notice:  A session had already been started - ignoring session_start() in /hsphere/local/home/vixen/duidesign.com/working/j/includes/config.php on line 75
[15-Nov-2013 23:18:25 Europe/Berlin] PHP Warning:  require_once(../../fb/base_facebook.phpcebook.php): failed to open stream: No such file or directory in /Users/sarahhuffman/epilogue/sandbox/marie/includes/lib/fb/facebook.php on line 18
[15-Nov-2013 23:18:25 Europe/Berlin] PHP Fatal error:  require_once(): Failed opening required '../../fb/base_facebook.phpcebook.php' (include_path='.:/Applications/MAMP/bin/php/php5.5.3/lib/php') in /Users/sarahhuffman/epilogue/sandbox/marie/includes/lib/fb/facebook.php on line 18
[15-Nov-2013 23:18:26 Europe/Berlin] PHP Warning:  require_once(../../fb/base_facebook.phpcebook.php): failed to open stream: No such file or directory in /Users/sarahhuffman/epilogue/sandbox/marie/includes/lib/fb/facebook.php on line 18
[15-Nov-2013 23:18:26 Europe/Berlin] PHP Fatal error:  require_once(): Failed opening required '../../fb/base_facebook.phpcebook.php' (include_path='.:/Applications/MAMP/bin/php/php5.5.3/lib/php') in /Users/sarahhuffman/epilogue/sandbox/marie/includes/lib/fb/facebook.php on line 18
[15-Nov-2013 23:18:26 Europe/Berlin] PHP Warning:  require_once(../../fb/base_facebook.phpcebook.php): failed to open stream: No such file or directory in /Users/sarahhuffman/epilogue/sandbox/marie/includes/lib/fb/facebook.php on line 18
[15-Nov-2013 23:18:26 Europe/Berlin] PHP Fatal error:  require_once(): Failed opening required '../../fb/base_facebook.phpcebook.php' (include_path='.:/Applications/MAMP/bin/php/php5.5.3/lib/php') in /Users/sarahhuffman/epilogue/sandbox/marie/includes/lib/fb/facebook.php on line 18
[16-Nov-2013 23:54:16 Europe/Berlin] PHP Notice:  A session had already been started - ignoring session_start() in /Users/sarahhuffman/epilogue/sandbox/marie/includes/config.php on line 73
[16-Nov-2013 23:54:16 Europe/Berlin] PHP Deprecated:  mysql_connect(): The mysql extension is deprecated and will be removed in the future: use mysqli or PDO instead in /Users/sarahhuffman/epilogue/sandbox/marie/includes/classes/Db.php on line 26
[16-Nov-2013 23:54:16 Europe/Berlin] PHP Deprecated:  mysql_connect(): The mysql extension is deprecated and will be removed in the future: use mysqli or PDO instead in /Users/sarahhuffman/epilogue/sandbox/marie/includes/classes/Memorial.php on line 17
[17-Nov-2013 01:12:20 Europe/Berlin] PHP Fatal error:  Class 'Database' not found in /Users/sarahhuffman/epilogue/sandbox/marie/includes/config.php on line 72
[17-Nov-2013 01:12:23 Europe/Berlin] PHP Fatal error:  Class 'Database' not found in /Users/sarahhuffman/epilogue/sandbox/marie/includes/config.php on line 72
[17-Nov-2013 01:12:57 Europe/Berlin] PHP Fatal error:  Class 'Database' not found in /Users/sarahhuffman/epilogue/sandbox/marie/includes/config.php on line 72
[17-Nov-2013 01:16:06 Europe/Berlin] PHP Deprecated:  mysql_connect(): The mysql extension is deprecated and will be removed in the future: use mysqli or PDO instead in /Users/sarahhuffman/epilogue/sandbox/marie/includes/classes/Database.php on line 26
[17-Nov-2013 01:16:15 Europe/Berlin] PHP Deprecated:  mysql_connect(): The mysql extension is deprecated and will be removed in the future: use mysqli or PDO instead in /Users/sarahhuffman/epilogue/sandbox/marie/includes/classes/Database.php on line 26
[17-Nov-2013 01:16:15 Europe/Berlin] PHP Notice:  Undefined variable: query in /Users/sarahhuffman/epilogue/sandbox/marie/includes/classes/Memorial.php on line 26
[17-Nov-2013 01:16:15 Europe/Berlin] PHP Warning:  mysql_query() expects parameter 2 to be resource, object given in /Users/sarahhuffman/epilogue/sandbox/marie/includes/classes/Memorial.php on line 26
